Using pre-set license
Built from '2020.2/staging' branch; Version is '2020.2.5f1 (e2c53f129de5) revision 14861631'; Using compiler version '192528614'; Build Type 'Release'
OS: 'Windows 10 Pro; OS build 19042.1110; Version 2009; 64bit' Language: 'en' Physical Memory: 16333 MB
BatchMode: 1, IsHumanControllingUs: 0, StartBugReporterOnCrash: 0, Is64bit: 1, IsPro: 0

 COMMAND LINE ARGUMENTS:
C:\Program Files\Unity\Hub\Editor\2020.2.5f1\Editor\Unity.exe
-adb2
-batchMode
-noUpm
-name
AssetImportWorker0
-projectPath
C:/Users/Toroti/source/repos/FrozenChicken/Frozen Chicken HD
-logFile
Logs/AssetImportWorker0.log
-srvPort
51797
Successfully changed project path to: C:/Users/Toroti/source/repos/FrozenChicken/Frozen Chicken HD
C:/Users/Toroti/source/repos/FrozenChicken/Frozen Chicken HD
Using Asset Import Pipeline V2.
Refreshing native plugins compatible for Editor in 79.68 ms, found 0 plugins.
Preloading 0 native plugins for Editor in 0.00 ms.
Initialize engine version: 2020.2.5f1 (e2c53f129de5)
[Subsystems] Discovering subsystems at path C:/Program Files/Unity/Hub/Editor/2020.2.5f1/Editor/Data/Resources/UnitySubsystems
[Subsystems] Discovering subsystems at path C:/Users/Toroti/source/repos/FrozenChicken/Frozen Chicken HD/Assets
GfxDevice: creating device client; threaded=0
Direct3D:
    Version:  Direct3D 11.0 [level 11.1]
    Renderer: NVIDIA GeForce GTX 1660 SUPER (ID=0x21c4)
    Vendor:   
    VRAM:     5991 MB
    Driver:   27.21.14.5671
Initialize mono
Mono path[0] = 'C:/Program Files/Unity/Hub/Editor/2020.2.5f1/Editor/Data/Managed'
Mono path[1] = 'C:/Program Files/Unity/Hub/Editor/2020.2.5f1/Editor/Data/MonoBleedingEdge/lib/mono/unityjit'
Mono config path = 'C:/Program Files/Unity/Hub/Editor/2020.2.5f1/Editor/Data/MonoBleedingEdge/etc'
Using monoOptions --debugger-agent=transport=dt_socket,embedding=1,server=y,suspend=n,address=127.0.0.1:56444
Begin MonoManager ReloadAssembly
Registering precompiled unity dll's ...
Register platform support module: C:/Program Files/Unity/Hub/Editor/2020.2.5f1/Editor/Data/PlaybackEngines/WindowsStandaloneSupport/UnityEditor.WindowsStandalone.Extensions.dll
Registered in 0.001935 seconds.
Native extension for WindowsStandalone target not found
Refreshing native plugins compatible for Editor in 73.67 ms, found 0 plugins.
Preloading 0 native plugins for Editor in 0.00 ms.
Invoked RoslynAnalysisRunner static constructor.
RoslynAnalysisRunner will not be running.
RoslynAnalysisRunner has terminated.
Mono: successfully reloaded assembly
- Completed reload, in  1.651 seconds
Platform modules already initialized, skipping
Registering precompiled user dll's ...
Registered in 0.001519 seconds.
Begin MonoManager ReloadAssembly
Native extension for WindowsStandalone target not found
Refreshing native plugins compatible for Editor in 98.78 ms, found 0 plugins.
Preloading 0 native plugins for Editor in 0.00 ms.
Invoked RoslynAnalysisRunner static constructor.
RoslynAnalysisRunner will not be running.
RoslynAnalysisRunner has terminated.
Mono: successfully reloaded assembly
- Completed reload, in  1.373 seconds
Platform modules already initialized, skipping
========================================================================
Worker process is ready to serve import requests
Launched and connected shader compiler UnityShaderCompiler.exe after 0.05 seconds
Refreshing native plugins compatible for Editor in 1.03 ms, found 0 plugins.
Preloading 0 native plugins for Editor in 0.00 ms.
Unloading 3546 Unused Serialized files (Serialized files now loaded: 0)
System memory in use before: 173.1 MB.
System memory in use after: 170.7 MB.

Unloading 41 unused Assets to reduce memory usage. Loaded Objects now: 3979.
Total: 5.060500 ms (FindLiveObjects: 0.559500 ms CreateObjectMapping: 0.153800 ms MarkObjects: 2.711000 ms  DeleteObjects: 1.634600 ms)

========================================================================
Received Import Request.
  path: Assets/Obstacles/DogPoo.prefab
  artifactKey: Guid(96e752313a91fbc41b0b83a69311c6fd) Importer(815301076,1909f56bfc062723c751e8b465ee728b)
Start importing Assets/Obstacles/DogPoo.prefab using Guid(96e752313a91fbc41b0b83a69311c6fd) Importer(815301076,1909f56bfc062723c751e8b465ee728b)  -> (artifact id: 'a9625d867ad5bf0cbaea8e80fe0a855d') in 0.677277 seconds
  Import took 0.686506 seconds .

========================================================================
Received Import Request.
  Time since last request: 0.000259 seconds.
  path: Assets/Obstacles/Obstacle.cs
  artifactKey: Guid(ce60b2c06d5b2774ba55c0d912bce21d) Importer(815301076,1909f56bfc062723c751e8b465ee728b)
Start importing Assets/Obstacles/Obstacle.cs using Guid(ce60b2c06d5b2774ba55c0d912bce21d) Importer(815301076,1909f56bfc062723c751e8b465ee728b)  -> (artifact id: 'd2a84b61a67c7e615bf770a8d883adc5') in 0.015205 seconds
  Import took 0.021366 seconds .

========================================================================
Received Prepare
Refreshing native plugins compatible for Editor in 2.32 ms, found 0 plugins.
Preloading 0 native plugins for Editor in 0.00 ms.
Unloading 32 Unused Serialized files (Serialized files now loaded: 0)
System memory in use before: 118.9 MB.
System memory in use after: 116.5 MB.

Unloading 33 unused Assets to reduce memory usage. Loaded Objects now: 4290.
Total: 8.904600 ms (FindLiveObjects: 0.522800 ms CreateObjectMapping: 0.103500 ms MarkObjects: 6.094500 ms  DeleteObjects: 2.181500 ms)

========================================================================
Received Prepare
Registering precompiled user dll's ...
Registered in 0.001478 seconds.
Begin MonoManager ReloadAssembly
Native extension for WindowsStandalone target not found
Refreshing native plugins compatible for Editor in 0.71 ms, found 0 plugins.
Preloading 0 native plugins for Editor in 0.00 ms.
Invoked RoslynAnalysisRunner static constructor.
RoslynAnalysisRunner will not be running.
RoslynAnalysisRunner has terminated.
Mono: successfully reloaded assembly
- Completed reload, in  1.195 seconds
Platform modules already initialized, skipping
Refreshing native plugins compatible for Editor in 0.91 ms, found 0 plugins.
Preloading 0 native plugins for Editor in 0.00 ms.
Unloading 3294 Unused Serialized files (Serialized files now loaded: 0)
System memory in use before: 171.9 MB.
System memory in use after: 169.8 MB.

Unloading 30 unused Assets to reduce memory usage. Loaded Objects now: 4121.
Total: 4.083000 ms (FindLiveObjects: 0.429900 ms CreateObjectMapping: 0.095600 ms MarkObjects: 2.079200 ms  DeleteObjects: 1.476800 ms)

========================================================================
Received Prepare
Registering precompiled user dll's ...
Registered in 0.001598 seconds.
Begin MonoManager ReloadAssembly
Native extension for WindowsStandalone target not found
Refreshing native plugins compatible for Editor in 0.72 ms, found 0 plugins.
Preloading 0 native plugins for Editor in 0.00 ms.
Invoked RoslynAnalysisRunner static constructor.
RoslynAnalysisRunner will not be running.
RoslynAnalysisRunner has terminated.
Mono: successfully reloaded assembly
- Completed reload, in  1.466 seconds
Platform modules already initialized, skipping
Refreshing native plugins compatible for Editor in 0.75 ms, found 0 plugins.
Preloading 0 native plugins for Editor in 0.00 ms.
Unloading 3276 Unused Serialized files (Serialized files now loaded: 0)
System memory in use before: 171.0 MB.
System memory in use after: 169.0 MB.

Unloading 30 unused Assets to reduce memory usage. Loaded Objects now: 4123.
Total: 4.645000 ms (FindLiveObjects: 0.431800 ms CreateObjectMapping: 0.095600 ms MarkObjects: 2.365800 ms  DeleteObjects: 1.749800 ms)

========================================================================
Received Import Request.
  Time since last request: 349.417745 seconds.
  path: Assets/Obstacles/Obstacle.cs
  artifactKey: Guid(ce60b2c06d5b2774ba55c0d912bce21d) Importer(815301076,1909f56bfc062723c751e8b465ee728b)
Start importing Assets/Obstacles/Obstacle.cs using Guid(ce60b2c06d5b2774ba55c0d912bce21d) Importer(815301076,1909f56bfc062723c751e8b465ee728b)  -> (artifact id: 'e171f0042e27576a4a148382f68e8e59') in 0.007130 seconds
  Import took 0.013521 seconds .

========================================================================
Received Prepare
Registering precompiled user dll's ...
Registered in 0.001523 seconds.
Begin MonoManager ReloadAssembly
Native extension for WindowsStandalone target not found
Refreshing native plugins compatible for Editor in 1.12 ms, found 0 plugins.
Preloading 0 native plugins for Editor in 0.00 ms.
Invoked RoslynAnalysisRunner static constructor.
RoslynAnalysisRunner will not be running.
RoslynAnalysisRunner has terminated.
Mono: successfully reloaded assembly
- Completed reload, in  1.133 seconds
Platform modules already initialized, skipping
Refreshing native plugins compatible for Editor in 0.95 ms, found 0 plugins.
Preloading 0 native plugins for Editor in 0.00 ms.
Unloading 3276 Unused Serialized files (Serialized files now loaded: 0)
System memory in use before: 171.1 MB.
System memory in use after: 169.0 MB.

Unloading 30 unused Assets to reduce memory usage. Loaded Objects now: 4125.
Total: 4.433400 ms (FindLiveObjects: 0.458300 ms CreateObjectMapping: 0.095200 ms MarkObjects: 2.138800 ms  DeleteObjects: 1.739100 ms)

========================================================================
Received Import Request.
  Time since last request: 1955.988281 seconds.
  path: Assets/Obstacles/Obstacle.cs
  artifactKey: Guid(ce60b2c06d5b2774ba55c0d912bce21d) Importer(815301076,1909f56bfc062723c751e8b465ee728b)
Start importing Assets/Obstacles/Obstacle.cs using Guid(ce60b2c06d5b2774ba55c0d912bce21d) Importer(815301076,1909f56bfc062723c751e8b465ee728b)  -> (artifact id: 'c1b533cbdab024579b688cad347e4c31') in 0.007121 seconds
  Import took 0.013891 seconds .

========================================================================
Received Prepare
Registering precompiled user dll's ...
Registered in 0.001910 seconds.
Begin MonoManager ReloadAssembly
Native extension for WindowsStandalone target not found
Refreshing native plugins compatible for Editor in 0.84 ms, found 0 plugins.
Preloading 0 native plugins for Editor in 0.00 ms.
Invoked RoslynAnalysisRunner static constructor.
RoslynAnalysisRunner will not be running.
RoslynAnalysisRunner has terminated.
Mono: successfully reloaded assembly
- Completed reload, in  1.108 seconds
Platform modules already initialized, skipping
Refreshing native plugins compatible for Editor in 1.04 ms, found 0 plugins.
Preloading 0 native plugins for Editor in 0.00 ms.
Unloading 3276 Unused Serialized files (Serialized files now loaded: 0)
System memory in use before: 171.1 MB.
System memory in use after: 169.0 MB.

Unloading 30 unused Assets to reduce memory usage. Loaded Objects now: 4127.
Total: 4.645900 ms (FindLiveObjects: 0.442300 ms CreateObjectMapping: 0.110900 ms MarkObjects: 2.314500 ms  DeleteObjects: 1.776500 ms)

AssetImportWorkerClient::OnTransportError - code=2 error=End of file
