Using pre-set license
Built from '2020.2/staging' branch; Version is '2020.2.5f1 (e2c53f129de5) revision 14861631'; Using compiler version '192528614'; Build Type 'Release'
OS: 'Windows 10 Pro; OS build 19042.985; Version 2009; 64bit' Language: 'en' Physical Memory: 16333 MB
BatchMode: 1, IsHumanControllingUs: 0, StartBugReporterOnCrash: 0, Is64bit: 1, IsPro: 0

 COMMAND LINE ARGUMENTS:
C:\Program Files\Unity\Hub\Editor\2020.2.5f1\Editor\Unity.exe
-adb2
-batchMode
-noUpm
-name
AssetImportWorker0
-projectPath
C:/Users/Toroti/Desktop/UnityProjects/Frozen Chicken HD
-logFile
Logs/AssetImportWorker0.log
-srvPort
53279
Successfully changed project path to: C:/Users/Toroti/Desktop/UnityProjects/Frozen Chicken HD
C:/Users/Toroti/Desktop/UnityProjects/Frozen Chicken HD
Using Asset Import Pipeline V2.
Refreshing native plugins compatible for Editor in 108.77 ms, found 0 plugins.
Preloading 0 native plugins for Editor in 0.00 ms.
Initialize engine version: 2020.2.5f1 (e2c53f129de5)
[Subsystems] Discovering subsystems at path C:/Program Files/Unity/Hub/Editor/2020.2.5f1/Editor/Data/Resources/UnitySubsystems
[Subsystems] Discovering subsystems at path C:/Users/Toroti/Desktop/UnityProjects/Frozen Chicken HD/Assets
GfxDevice: creating device client; threaded=0
Direct3D:
    Version:  Direct3D 11.0 [level 11.1]
    Renderer: NVIDIA GeForce GTX 1660 SUPER (ID=0x21c4)
    Vendor:   
    VRAM:     5991 MB
    Driver:   27.21.14.5671
Initialize mono
Mono path[0] = 'C:/Program Files/Unity/Hub/Editor/2020.2.5f1/Editor/Data/Managed'
Mono path[1] = 'C:/Program Files/Unity/Hub/Editor/2020.2.5f1/Editor/Data/MonoBleedingEdge/lib/mono/unityjit'
Mono config path = 'C:/Program Files/Unity/Hub/Editor/2020.2.5f1/Editor/Data/MonoBleedingEdge/etc'
Using monoOptions --debugger-agent=transport=dt_socket,embedding=1,server=y,suspend=n,address=127.0.0.1:56292
Begin MonoManager ReloadAssembly
Registering precompiled unity dll's ...
Register platform support module: C:/Program Files/Unity/Hub/Editor/2020.2.5f1/Editor/Data/PlaybackEngines/WindowsStandaloneSupport/UnityEditor.WindowsStandalone.Extensions.dll
Registered in 0.001946 seconds.
Native extension for WindowsStandalone target not found
Refreshing native plugins compatible for Editor in 93.16 ms, found 0 plugins.
Preloading 0 native plugins for Editor in 0.00 ms.
Invoked RoslynAnalysisRunner static constructor.
RoslynAnalysisRunner will not be running.
RoslynAnalysisRunner has terminated.
Mono: successfully reloaded assembly
- Completed reload, in  1.965 seconds
Platform modules already initialized, skipping
Registering precompiled user dll's ...
Registered in 0.001819 seconds.
Begin MonoManager ReloadAssembly
Native extension for WindowsStandalone target not found
Refreshing native plugins compatible for Editor in 79.28 ms, found 0 plugins.
Preloading 0 native plugins for Editor in 0.00 ms.
Invoked RoslynAnalysisRunner static constructor.
RoslynAnalysisRunner will not be running.
RoslynAnalysisRunner has terminated.
Mono: successfully reloaded assembly
- Completed reload, in  1.237 seconds
Platform modules already initialized, skipping
========================================================================
Worker process is ready to serve import requests
Launched and connected shader compiler UnityShaderCompiler.exe after 0.04 seconds
Refreshing native plugins compatible for Editor in 0.85 ms, found 0 plugins.
Preloading 0 native plugins for Editor in 0.00 ms.
Unloading 3535 Unused Serialized files (Serialized files now loaded: 0)
System memory in use before: 172.7 MB.
System memory in use after: 170.1 MB.

Unloading 43 unused Assets to reduce memory usage. Loaded Objects now: 3965.
Total: 4.039800 ms (FindLiveObjects: 0.422800 ms CreateObjectMapping: 0.097100 ms MarkObjects: 1.953100 ms  DeleteObjects: 1.565600 ms)

========================================================================
Received Import Request.
  path: Assets/PlayerMovement.cs
  artifactKey: Guid(2ecb8b92459e47844905d26c73b59f2e) Importer(815301076,1909f56bfc062723c751e8b465ee728b)
Start importing Assets/PlayerMovement.cs using Guid(2ecb8b92459e47844905d26c73b59f2e) Importer(815301076,1909f56bfc062723c751e8b465ee728b)  -> (artifact id: '949591feb3d283948f8f1d7e2ada737e') in 0.032048 seconds
  Import took 0.038236 seconds .

========================================================================
Received Import Request.
  Time since last request: 17.401242 seconds.
  path: Assets/Pathfinder.cs
  artifactKey: Guid(d0dcceebb9c4ba64ab3f3abb6b1f1e87) Importer(815301076,1909f56bfc062723c751e8b465ee728b)
Start importing Assets/Pathfinder.cs using Guid(d0dcceebb9c4ba64ab3f3abb6b1f1e87) Importer(815301076,1909f56bfc062723c751e8b465ee728b)  -> (artifact id: 'ef86242f605f4cbde86efbda261af35f') in 0.008506 seconds
  Import took 0.014699 seconds .

========================================================================
Received Import Request.
  Time since last request: 72.561788 seconds.
  path: Assets
  artifactKey: Guid(00000000000000001000000000000000) Importer(815301076,1909f56bfc062723c751e8b465ee728b)
Start importing Assets using Guid(00000000000000001000000000000000) Importer(815301076,1909f56bfc062723c751e8b465ee728b)  -> (artifact id: '29f2a2471e7245fbc0aa931fa5cf45b7') in 0.007302 seconds
  Import took 0.012939 seconds .

========================================================================
Received Import Request.
  Time since last request: 15.956056 seconds.
  path: Assets/IInteractable.cs
  artifactKey: Guid(6deb39628f43acd4ababbfafd02df997) Importer(815301076,1909f56bfc062723c751e8b465ee728b)
Start importing Assets/IInteractable.cs using Guid(6deb39628f43acd4ababbfafd02df997) Importer(815301076,1909f56bfc062723c751e8b465ee728b)  -> (artifact id: '9771be528dd751384303f14dcfba4caa') in 0.009906 seconds
  Import took 0.016981 seconds .

========================================================================
Received Prepare
Registering precompiled user dll's ...
Registered in 0.001648 seconds.
Begin MonoManager ReloadAssembly
Native extension for WindowsStandalone target not found
Refreshing native plugins compatible for Editor in 0.72 ms, found 0 plugins.
Preloading 0 native plugins for Editor in 0.00 ms.
Invoked RoslynAnalysisRunner static constructor.
RoslynAnalysisRunner will not be running.
RoslynAnalysisRunner has terminated.
Mono: successfully reloaded assembly
- Completed reload, in  1.050 seconds
Platform modules already initialized, skipping
Refreshing native plugins compatible for Editor in 0.75 ms, found 0 plugins.
Preloading 0 native plugins for Editor in 0.00 ms.
Unloading 3275 Unused Serialized files (Serialized files now loaded: 0)
System memory in use before: 161.3 MB.
System memory in use after: 158.8 MB.

Unloading 38 unused Assets to reduce memory usage. Loaded Objects now: 3968.
Total: 4.034000 ms (FindLiveObjects: 0.392100 ms CreateObjectMapping: 0.084800 ms MarkObjects: 1.967900 ms  DeleteObjects: 1.588200 ms)

========================================================================
Received Prepare
Registering precompiled user dll's ...
Registered in 0.001532 seconds.
Begin MonoManager ReloadAssembly
Native extension for WindowsStandalone target not found
Refreshing native plugins compatible for Editor in 0.86 ms, found 0 plugins.
Preloading 0 native plugins for Editor in 0.00 ms.
Invoked RoslynAnalysisRunner static constructor.
RoslynAnalysisRunner will not be running.
RoslynAnalysisRunner has terminated.
Mono: successfully reloaded assembly
- Completed reload, in  1.057 seconds
Platform modules already initialized, skipping
Refreshing native plugins compatible for Editor in 0.77 ms, found 0 plugins.
Preloading 0 native plugins for Editor in 0.00 ms.
Unloading 3275 Unused Serialized files (Serialized files now loaded: 0)
System memory in use before: 161.3 MB.
System memory in use after: 158.8 MB.

Unloading 38 unused Assets to reduce memory usage. Loaded Objects now: 3970.
Total: 6.453600 ms (FindLiveObjects: 0.764600 ms CreateObjectMapping: 0.164900 ms MarkObjects: 3.185400 ms  DeleteObjects: 2.336900 ms)

AssetImportWorkerClient::OnTransportError - code=2 error=End of file
